0 info it worked if it ends with ok
1 verbose cli [ '/usr/local/bin/node',
1 verbose cli   '/usr/local/bin/npm',
1 verbose cli   'install',
1 verbose cli   '-g',
1 verbose cli   'bundle' ]
2 info using npm@2.11.2
3 info using node@v0.12.6
4 verbose install initial load of /usr/local/lib/package.json
5 verbose readDependencies loading dependencies from /usr/local/lib/package.json
6 silly cache add args [ 'bundle', null ]
7 verbose cache add spec bundle
8 silly cache add parsed spec { raw: 'bundle',
8 silly cache add   scope: null,
8 silly cache add   name: 'bundle',
8 silly cache add   rawSpec: '',
8 silly cache add   spec: '*',
8 silly cache add   type: 'range' }
9 silly addNamed bundle@*
10 verbose addNamed "*" is a valid semver range for bundle
11 silly addNameRange { name: 'bundle', range: '*', hasData: false }
12 silly mapToRegistry name bundle
13 silly mapToRegistry using default registry
14 silly mapToRegistry registry https://registry.npmjs.org/
15 silly mapToRegistry uri https://registry.npmjs.org/bundle
16 verbose addNameRange registry:https://registry.npmjs.org/bundle not in flight; fetching
17 verbose request uri https://registry.npmjs.org/bundle
18 verbose request no auth needed
19 info attempt registry request try #1 at 12:15:18 AM
20 verbose request id 6ce3dea3102f4eaa
21 http request GET https://registry.npmjs.org/bundle
22 http 200 https://registry.npmjs.org/bundle
23 silly get cb [ 200,
23 silly get   { server: 'CouchDB/1.5.0 (Erlang OTP/R16B03)',
23 silly get     etag: '"616OZZ4LD1HCXDDIPYD3OZ5SD"',
23 silly get     'content-type': 'application/json',
23 silly get     'cache-control': 'max-age=60',
23 silly get     'content-length': '13527',
23 silly get     'accept-ranges': 'bytes',
23 silly get     date: 'Sat, 11 Jul 2015 05:15:19 GMT',
23 silly get     via: '1.1 varnish',
23 silly get     age: '0',
23 silly get     connection: 'keep-alive',
23 silly get     'x-served-by': 'cache-dfw1835-DFW',
23 silly get     'x-cache': 'MISS',
23 silly get     'x-cache-hits': '0',
23 silly get     'x-timer': 'S1436591719.144380,VS0,VE47',
23 silly get     vary: 'Accept' } ]
24 verbose get saving bundle to /Users/shreyans_jain/.npm/registry.npmjs.org/bundle/.cache.json
25 verbose getCacheStat cache creation not in flight; initializing
26 silly addNameRange number 2 { name: 'bundle', range: '*', hasData: true }
27 silly addNameRange versions [ 'bundle',
27 silly addNameRange   [ '0.0.1',
27 silly addNameRange     '0.0.2',
27 silly addNameRange     '0.0.3',
27 silly addNameRange     '0.0.4',
27 silly addNameRange     '0.0.5',
27 silly addNameRange     '0.0.6',
27 silly addNameRange     '0.0.7',
27 silly addNameRange     '0.0.8',
27 silly addNameRange     '0.0.9',
27 silly addNameRange     '0.1.0',
27 silly addNameRange     '0.1.1',
27 silly addNameRange     '0.1.2',
27 silly addNameRange     '0.1.3',
27 silly addNameRange     '0.1.4',
27 silly addNameRange     '0.1.5',
27 silly addNameRange     '0.1.6',
27 silly addNameRange     '0.2.1',
27 silly addNameRange     '0.2.2',
27 silly addNameRange     '0.2.3' ] ]
28 silly addNamed bundle@0.2.3
29 verbose addNamed "0.2.3" is a plain semver version for bundle
30 silly mapToRegistry name bundle
31 silly mapToRegistry using default registry
32 silly mapToRegistry registry https://registry.npmjs.org/
33 silly mapToRegistry uri https://registry.npmjs.org/bundle
34 verbose addRemoteTarball https://registry.npmjs.org/bundle/-/bundle-0.2.3.tgz not in flight; adding
35 verbose addRemoteTarball [ 'https://registry.npmjs.org/bundle/-/bundle-0.2.3.tgz',
35 verbose addRemoteTarball   '87d5fe1c19172d0bbef7856d06d7d19fefaf6767' ]
36 info retry fetch attempt 1 at 12:15:19 AM
37 info attempt registry request try #1 at 12:15:19 AM
38 http fetch GET https://registry.npmjs.org/bundle/-/bundle-0.2.3.tgz
39 http fetch 200 https://registry.npmjs.org/bundle/-/bundle-0.2.3.tgz
40 silly fetchAndShaCheck shasum 87d5fe1c19172d0bbef7856d06d7d19fefaf6767
41 verbose addTmpTarball /var/folders/r_/fp7xlt4s17lblzd6qmrfn9sd19trzp/T/npm-6538-c9956689/registry.npmjs.org/bundle/-/bundle-0.2.3.tgz not in flight; adding
42 verbose addTmpTarball already have metadata; skipping unpack for bundle@0.2.3
43 silly cache afterAdd bundle@0.2.3
44 verbose afterAdd /Users/shreyans_jain/.npm/bundle/0.2.3/package/package.json not in flight; writing
45 verbose afterAdd /Users/shreyans_jain/.npm/bundle/0.2.3/package/package.json written
46 silly install resolved [ { name: 'bundle',
46 silly install resolved     version: '0.2.3',
46 silly install resolved     description: 'generates a files package through template engine (such as jade) and then compress them into a zip file ready to use it.',
46 silly install resolved     keywords: [],
46 silly install resolved     author: { name: 'Damian Suarez', email: 'damian@learnboost.com' },
46 silly install resolved     dependencies: { jade: '0.25.x' },
46 silly install resolved     devDependencies: { expresso: 'x.x.x' },
46 silly install resolved     main: 'index',
46 silly install resolved     _npmUser: { name: 'damian', email: 'damian@learnboost.com' },
46 silly install resolved     _id: 'bundle@0.2.3',
46 silly install resolved     optionalDependencies: {},
46 silly install resolved     engines: { node: '*' },
46 silly install resolved     _engineSupported: true,
46 silly install resolved     _npmVersion: '1.1.1',
46 silly install resolved     _nodeVersion: 'v0.6.10',
46 silly install resolved     _defaultsLoaded: true,
46 silly install resolved     dist:
46 silly install resolved      { shasum: '87d5fe1c19172d0bbef7856d06d7d19fefaf6767',
46 silly install resolved        tarball: 'http://registry.npmjs.org/bundle/-/bundle-0.2.3.tgz' },
46 silly install resolved     maintainers: [ [Object], [Object] ],
46 silly install resolved     directories: {},
46 silly install resolved     _shasum: '87d5fe1c19172d0bbef7856d06d7d19fefaf6767',
46 silly install resolved     _resolved: 'https://registry.npmjs.org/bundle/-/bundle-0.2.3.tgz',
46 silly install resolved     _from: 'bundle@*' } ]
47 info install bundle@0.2.3 into /usr/local/lib
48 info installOne bundle@0.2.3
49 verbose installOne of bundle to /usr/local/lib not in flight; installing
50 verbose lock using /Users/shreyans_jain/.npm/_locks/bundle-a612430d74fd8495.lock for /usr/local/lib/node_modules/bundle
51 silly install write writing bundle 0.2.3 to /usr/local/lib/node_modules/bundle
52 verbose unbuild lib/node_modules/bundle
53 silly gentlyRm /usr/local/lib/node_modules/bundle is being purged from base /usr/local
54 verbose gentlyRm don't care about contents; nuking /usr/local/lib/node_modules/bundle
55 verbose tar unpack /Users/shreyans_jain/.npm/bundle/0.2.3/package.tgz
56 verbose tar unpacking to /usr/local/lib/node_modules/bundle
57 silly gentlyRm /usr/local/lib/node_modules/bundle is being purged
58 verbose gentlyRm don't care about contents; nuking /usr/local/lib/node_modules/bundle
59 silly gunzTarPerm modes [ '755', '644' ]
60 error tar.unpack untar error /Users/shreyans_jain/.npm/bundle/0.2.3/package.tgz
61 verbose unlock done using /Users/shreyans_jain/.npm/_locks/bundle-a612430d74fd8495.lock for /usr/local/lib/node_modules/bundle
62 verbose fstream_path /usr/local/lib/node_modules/bundle
63 verbose fstream_type Directory
64 verbose fstream_class DirWriter
65 verbose stack Error: EACCES, mkdir '/usr/local/lib/node_modules/bundle'
65 verbose stack     at Error (native)
66 verbose fstream_stack /usr/local/lib/node_modules/npm/node_modules/fstream/lib/dir-writer.js:35:25
66 verbose fstream_stack /usr/local/lib/node_modules/npm/node_modules/mkdirp/index.js:47:53
66 verbose fstream_stack FSReqWrap.oncomplete (fs.js:95:15)
67 verbose cwd /Users/shreyans_jain/Personal/my-site
68 error Darwin 14.3.0
69 error argv "/usr/local/bin/node" "/usr/local/bin/npm" "install" "-g" "bundle"
70 error node v0.12.6
71 error npm  v2.11.2
72 error path /usr/local/lib/node_modules/bundle
73 error code EACCES
74 error errno -13
75 error Error: EACCES, mkdir '/usr/local/lib/node_modules/bundle'
75 error     at Error (native)
75 error  { [Error: EACCES, mkdir '/usr/local/lib/node_modules/bundle']
75 error   errno: -13,
75 error   code: 'EACCES',
75 error   path: '/usr/local/lib/node_modules/bundle',
75 error   fstream_type: 'Directory',
75 error   fstream_path: '/usr/local/lib/node_modules/bundle',
75 error   fstream_class: 'DirWriter',
75 error   fstream_stack:
75 error    [ '/usr/local/lib/node_modules/npm/node_modules/fstream/lib/dir-writer.js:35:25',
75 error      '/usr/local/lib/node_modules/npm/node_modules/mkdirp/index.js:47:53',
75 error      'FSReqWrap.oncomplete (fs.js:95:15)' ] }
76 error Please try running this command again as root/Administrator.
77 verbose exit [ -13, true ]
78 verbose unbuild lib/node_modules/bundle
79 silly gentlyRm /usr/local/lib/node_modules/bundle is being purged from base /usr/local
80 verbose gentlyRm don't care about contents; nuking /usr/local/lib/node_modules/bundle
